<?xml version="1.0" encoding="UTF-8"?>
<!-- Generated by org.testng.reporters.JUnitXMLReporter -->
<testsuite hostname="Voice-ПК" name="Test" tests="22" failures="3" timestamp="22 Oct 2013 15:39:11 GMT" time="128.459" errors="0">
  <testcase name="LogIn" time="17.497" classname="user.Login">
    <failure type="org.openqa.selenium.ElementNotVisibleException" message="Element is not currently visible and so may not be interacted with
Command duration or timeout: 10.04 seconds
Build info: version: &amp;apos;2.33.0&amp;apos;, revision: &amp;apos;4e90c97&amp;apos;, time: &amp;apos;2013-05-22 15:33:32&amp;apos;
System info: os.name: &amp;apos;Windows 7&amp;apos;, os.arch: &amp;apos;amd64&amp;apos;, os.version: &amp;apos;6.1&amp;apos;, java.version: &amp;apos;1.7.0_25&amp;apos;
Session ID: a6fd0163-420e-46cd-82d2-0ea4aed58c5b
Driver info: org.openqa.selenium.firefox.FirefoxDriver
Capabilities [{platform=XP, databaseEnabled=true, cssSelectorsEnabled=true, javascriptEnabled=true, acceptSslCerts=true, handlesAlerts=true, browserName=firefox, browserConnectionEnabled=true, nativeEvents=true, webStorageEnabled=true, rotatable=false, locationContextEnabled=true, applicationCacheEnabled=true, takesScreenshot=true, version=24.0}]">
      <![CDATA[org.openqa.selenium.ElementNotVisibleException: Element is not currently visible and so may not be interacted with
Command duration or timeout: 10.04 seconds
Build info: version: '2.33.0', revision: '4e90c97', time: '2013-05-22 15:33:32'
System info: os.name: 'Windows 7', os.arch: 'amd64', os.version: '6.1', java.version: '1.7.0_25'
Session ID: a6fd0163-420e-46cd-82d2-0ea4aed58c5b
Driver info: org.openqa.selenium.firefox.FirefoxDriver
Capabilities [{platform=XP, databaseEnabled=true, cssSelectorsEnabled=true, javascriptEnabled=true, acceptSslCerts=true, handlesAlerts=true, browserName=firefox, browserConnectionEnabled=true, nativeEvents=true, webStorageEnabled=true, rotatable=false, locationContextEnabled=true, applicationCacheEnabled=true, takesScreenshot=true, version=24.0}]
	at org.openqa.selenium.remote.ErrorHandler.createThrowable(ErrorHandler.java:191)
	at org.openqa.selenium.remote.ErrorHandler.throwIfResponseFailed(ErrorHandler.java:145)
	at org.openqa.selenium.remote.RemoteWebDriver.execute(RemoteWebDriver.java:554)
	at org.openqa.selenium.remote.RemoteWebElement.execute(RemoteWebElement.java:268)
	at org.openqa.selenium.remote.RemoteWebElement.clear(RemoteWebElement.java:113)
	at org.openqa.selenium.support.pagefactory.internal.LocatingElementHandler.invoke(LocatingElementHandler.java:41)
	at com.sun.proxy.$Proxy7.clear(Unknown Source)
	at pageFactory.MethodsPage.type(MethodsPage.java:16)
	at pageFactory.LoginPage.loginAs(LoginPage.java:35)
	at user.Login.LogIn(Login.java:16)
Caused by: org.openqa.selenium.remote.ErrorHandler$UnknownServerException: Element is not currently visible and so may not be interacted with
Build info: version: '2.33.0', revision: '4e90c97', time: '2013-05-22 15:33:32'
System info: os.name: 'Windows 7', os.arch: 'amd64', os.version: '6.1', java.version: '1.7.0_25'
Driver info: driver.version: unknown
	at <anonymous class>.fxdriver.preconditions.visible(file:///C:/Users/Voice/AppData/Local/Temp/anonymous6993314960584078482webdriver-profile/extensions/fxdriver@googlecode.com/components/command_processor.js:7736)
	at <anonymous class>.DelayedCommand.prototype.checkPreconditions_(file:///C:/Users/Voice/AppData/Local/Temp/anonymous6993314960584078482webdriver-profile/extensions/fxdriver@googlecode.com/components/command_processor.js:10437)
	at <anonymous class>.DelayedCommand.prototype.executeInternal_/h(file:///C:/Users/Voice/AppData/Local/Temp/anonymous6993314960584078482webdriver-profile/extensions/fxdriver@googlecode.com/components/command_processor.js:10456)
	at <anonymous class>.fxdriver.Timer.prototype.setTimeout/<.notify(file:///C:/Users/Voice/AppData/Local/Temp/anonymous6993314960584078482webdriver-profile/extensions/fxdriver@googlecode.com/components/command_processor.js:386)
... Removed 32 stack frames]]>
    </failure>
  </testcase> <!-- LogIn -->
  <testcase name="PlayMusic" time="44.148" classname="content.PlayMusicOnLand">
    <failure type="java.lang.NullPointerException">
      <![CDATA[java.lang.NullPointerException
	at content.PlayMusicOnLand.playMusic(PlayMusicOnLand.java:28)
	at content.PlayMusicOnLand.PlayMusic(PlayMusicOnLand.java:14)
... Removed 24 stack frames]]>
    </failure>
  </testcase> <!-- PlayMusic -->
  <testcase name="MusicGenres" time="4.002" classname="content.Genres"/>
  <testcase name="MusicTitles" time="3.437" classname="content.BlockTitles"/>
  <testcase name="socialOnMusic" time="3.783" classname="content.SocialLinks"/>
  <testcase name="MusicArtists" time="3.919" classname="content.Artists"/>
  <testcase name="blocksOnMusic" time="3.234" classname="content.Bloks"/>
  <testcase name="NovinkiGenres" time="4.387" classname="content.Genres"/>
  <testcase name="NovinkiTitles" time="3.51" classname="content.BlockTitles"/>
  <testcase name="socialOnNovinki" time="3.541" classname="content.SocialLinks"/>
  <testcase name="NovinkiArtists" time="2.628" classname="content.Artists"/>
  <testcase name="blocksOnNovinki" time="3.624" classname="content.Bloks"/>
  <testcase name="AzerTitles" time="5.824" classname="content.BlockTitles"/>
  <testcase name="socialOnAzer" time="3.96" classname="content.SocialLinks"/>
  <testcase name="AzerArtists" time="4.005" classname="content.Artists"/>
  <testcase name="CheckBlocks" time="4.63" classname="content.Bloks"/>
  <testcase name="socialOnPlaylist" time="11.648" classname="content.SocialLinks">
    <failure type="org.openqa.selenium.NoSuchElementException" message="Unable to locate element: {&amp;quot;method&amp;quot;:&amp;quot;xpath&amp;quot;,&amp;quot;selector&amp;quot;:&amp;quot;//*[@class=&amp;apos;pluso-wrap&amp;apos;]/a[1]&amp;quot;}
Command duration or timeout: 10.09 seconds
For documentation on this error, please visit: http://seleniumhq.org/exceptions/no_such_element.html
Build info: version: &amp;apos;2.33.0&amp;apos;, revision: &amp;apos;4e90c97&amp;apos;, time: &amp;apos;2013-05-22 15:33:32&amp;apos;
System info: os.name: &amp;apos;Windows 7&amp;apos;, os.arch: &amp;apos;amd64&amp;apos;, os.version: &amp;apos;6.1&amp;apos;, java.version: &amp;apos;1.7.0_25&amp;apos;
Session ID: a6fd0163-420e-46cd-82d2-0ea4aed58c5b
Driver info: org.openqa.selenium.firefox.FirefoxDriver
Capabilities [{platform=XP, databaseEnabled=true, cssSelectorsEnabled=true, javascriptEnabled=true, acceptSslCerts=true, handlesAlerts=true, browserName=firefox, browserConnectionEnabled=true, nativeEvents=true, webStorageEnabled=true, rotatable=false, locationContextEnabled=true, applicationCacheEnabled=true, takesScreenshot=true, version=24.0}]">
      <![CDATA[org.openqa.selenium.NoSuchElementException: Unable to locate element: {"method":"xpath","selector":"//*[@class='pluso-wrap']/a[1]"}
Command duration or timeout: 10.09 seconds
For documentation on this error, please visit: http://seleniumhq.org/exceptions/no_such_element.html
Build info: version: '2.33.0', revision: '4e90c97', time: '2013-05-22 15:33:32'
System info: os.name: 'Windows 7', os.arch: 'amd64', os.version: '6.1', java.version: '1.7.0_25'
Session ID: a6fd0163-420e-46cd-82d2-0ea4aed58c5b
Driver info: org.openqa.selenium.firefox.FirefoxDriver
Capabilities [{platform=XP, databaseEnabled=true, cssSelectorsEnabled=true, javascriptEnabled=true, acceptSslCerts=true, handlesAlerts=true, browserName=firefox, browserConnectionEnabled=true, nativeEvents=true, webStorageEnabled=true, rotatable=false, locationContextEnabled=true, applicationCacheEnabled=true, takesScreenshot=true, version=24.0}]
	at org.openqa.selenium.remote.ErrorHandler.createThrowable(ErrorHandler.java:191)
	at org.openqa.selenium.remote.ErrorHandler.throwIfResponseFailed(ErrorHandler.java:145)
	at org.openqa.selenium.remote.RemoteWebDriver.execute(RemoteWebDriver.java:554)
	at org.openqa.selenium.remote.RemoteWebDriver.findElement(RemoteWebDriver.java:307)
	at org.openqa.selenium.remote.RemoteWebDriver.findElementByXPath(RemoteWebDriver.java:404)
	at org.openqa.selenium.By$ByXPath.findElement(By.java:344)
	at org.openqa.selenium.remote.RemoteWebDriver.findElement(RemoteWebDriver.java:299)
	at org.openqa.selenium.support.pagefactory.DefaultElementLocator.findElement(DefaultElementLocator.java:59)
	at org.openqa.selenium.support.pagefactory.internal.LocatingElementHandler.invoke(LocatingElementHandler.java:34)
	at com.sun.proxy.$Proxy7.isDisplayed(Unknown Source)
	at pageFactory.SocialLinkPage.checkSocialLinks(SocialLinkPage.java:49)
	at content.SocialLinks.socialOnPlaylist(SocialLinks.java:33)
Caused by: org.openqa.selenium.remote.ErrorHandler$UnknownServerException: Unable to locate element: {"method":"xpath","selector":"//*[@class='pluso-wrap']/a[1]"}
Build info: version: '2.33.0', revision: '4e90c97', time: '2013-05-22 15:33:32'
System info: os.name: 'Windows 7', os.arch: 'amd64', os.version: '6.1', java.version: '1.7.0_25'
Driver info: driver.version: unknown
	at <anonymous class>.FirefoxDriver.prototype.findElementInternal_(file:///C:/Users/Voice/AppData/Local/Temp/anonymous6993314960584078482webdriver-profile/extensions/fxdriver@googlecode.com/components/driver_component.js:8444)
	at <anonymous class>.fxdriver.Timer.prototype.setTimeout/<.notify(file:///C:/Users/Voice/AppData/Local/Temp/anonymous6993314960584078482webdriver-profile/extensions/fxdriver@googlecode.com/components/driver_component.js:386)
... Removed 28 stack frames]]>
    </failure>
  </testcase> <!-- socialOnPlaylist -->
  <testcase name="MusicHeader" time="0.001" classname="content.Headers">
    <skipped/>
  </testcase> <!-- MusicHeader -->
  <testcase name="NovinkiHeader" time="0.001" classname="content.Headers">
    <skipped/>
  </testcase> <!-- NovinkiHeader -->
  <testcase name="AzerHeader" time="0.0" classname="content.Headers">
    <skipped/>
  </testcase> <!-- AzerHeader -->
  <testcase name="PlaylistHeader" time="0.0" classname="content.Headers">
    <skipped/>
  </testcase> <!-- PlaylistHeader -->
  <testcase name="UploadHeader" time="0.0" classname="content.Headers">
    <skipped/>
  </testcase> <!-- UploadHeader -->
</testsuite> <!-- Test -->
