<?xml version="1.0" encoding="UTF-8"?>
<testng-results skipped="0" failed="1" total="3" passed="2">
  <reporter-output>
  </reporter-output>
  <suite name="Suite" duration-ms="113318" started-at="2013-10-23T09:20:58Z" finished-at="2013-10-23T09:22:51Z">
    <groups>
    </groups>
    <test name="Test" duration-ms="113318" started-at="2013-10-23T09:20:58Z" finished-at="2013-10-23T09:22:51Z">
      <class name="content.Artists">
        <test-method status="PASS" signature="getWebDriver()[pri:0, instance:content.Artists@5792bb81]" name="getWebDriver" is-config="true" duration-ms="8584" started-at="2013-10-23T12:20:58Z" finished-at="2013-10-23T12:21:06Z">
          <reporter-output>
          </reporter-output>
        </test-method> <!-- getWebDriver -->
        <test-method status="PASS" signature="MusicArtists()[pri:0, instance:content.Artists@5792bb81]" name="MusicArtists" duration-ms="11047" started-at="2013-10-23T12:21:06Z" description="Проверяет отображение артистов на &lt;&lt;Музыка&gt;&gt;" finished-at="2013-10-23T12:21:17Z">
          <reporter-output>
          </reporter-output>
        </test-method> <!-- MusicArtists -->
        <test-method status="PASS" signature="NovinkiArtists()[pri:0, instance:content.Artists@5792bb81]" name="NovinkiArtists" duration-ms="3354" started-at="2013-10-23T12:21:17Z" description="Проверяет отображение артистов на &lt;&lt;Новинки&gt;&gt;" finished-at="2013-10-23T12:21:21Z">
          <reporter-output>
          </reporter-output>
        </test-method> <!-- NovinkiArtists -->
        <test-method status="FAIL" signature="AzerArtists()[pri:0, instance:content.Artists@5792bb81]" name="AzerArtists" duration-ms="90036" started-at="2013-10-23T12:21:21Z" description="Проверяет отображение артистов на &lt;&lt;Азербайджанская&gt;&gt;" finished-at="2013-10-23T12:22:51Z">
          <exception class="org.openqa.selenium.TimeoutException">
            <message>
              <![CDATA[Timed out waiting for page load.
Command duration or timeout: 90.02 seconds
Build info: version: '2.35.0', revision: '8df0c6bedf70ff9f22c647788f9fe9c8d22210e2', time: '2013-08-17 12:46:41'
System info: os.name: 'Windows 7', os.arch: 'amd64', os.version: '6.1', java.version: '1.7.0_25'
Session ID: 081c674f-624d-4a1b-9a5c-5a995b9f88ba
Driver info: org.openqa.selenium.firefox.FirefoxDriver
Capabilities [{platform=XP, databaseEnabled=true, cssSelectorsEnabled=true, javascriptEnabled=true, acceptSslCerts=true, handlesAlerts=true, browserName=firefox, browserConnectionEnabled=true, nativeEvents=true, webStorageEnabled=true, rotatable=false, locationContextEnabled=true, applicationCacheEnabled=true, takesScreenshot=true, version=24.0}]]]>
            </message>
            <full-stacktrace>
              <![CDATA[org.openqa.selenium.TimeoutException: Timed out waiting for page load.
Command duration or timeout: 90.02 seconds
Build info: version: '2.35.0', revision: '8df0c6bedf70ff9f22c647788f9fe9c8d22210e2', time: '2013-08-17 12:46:41'
System info: os.name: 'Windows 7', os.arch: 'amd64', os.version: '6.1', java.version: '1.7.0_25'
Session ID: 081c674f-624d-4a1b-9a5c-5a995b9f88ba
Driver info: org.openqa.selenium.firefox.FirefoxDriver
Capabilities [{platform=XP, databaseEnabled=true, cssSelectorsEnabled=true, javascriptEnabled=true, acceptSslCerts=true, handlesAlerts=true, browserName=firefox, browserConnectionEnabled=true, nativeEvents=true, webStorageEnabled=true, rotatable=false, locationContextEnabled=true, applicationCacheEnabled=true, takesScreenshot=true, version=24.0}]
	at sun.reflect.NativeConstructorAccessorImpl.newInstance0(Native Method)
	at sun.reflect.NativeConstructorAccessorImpl.newInstance(NativeConstructorAccessorImpl.java:57)
	at sun.reflect.DelegatingConstructorAccessorImpl.newInstance(DelegatingConstructorAccessorImpl.java:45)
	at java.lang.reflect.Constructor.newInstance(Constructor.java:526)
	at org.openqa.selenium.remote.ErrorHandler.createThrowable(ErrorHandler.java:191)
	at org.openqa.selenium.remote.ErrorHandler.throwIfResponseFailed(ErrorHandler.java:145)
	at org.openqa.selenium.remote.RemoteWebDriver.execute(RemoteWebDriver.java:554)
	at org.openqa.selenium.remote.RemoteWebDriver.get(RemoteWebDriver.java:276)
	at content.Artists.AzerArtists(Artists.java:22)
	at sun.reflect.NativeMethodAccessorImpl.invoke0(Native Method)
	at sun.reflect.NativeMethodAccessorImpl.invoke(NativeMethodAccessorImpl.java:57)
	at sun.reflect.DelegatingMethodAccessorImpl.invoke(DelegatingMethodAccessorImpl.java:43)
	at java.lang.reflect.Method.invoke(Method.java:606)
	at org.testng.internal.MethodInvocationHelper.invokeMethod(MethodInvocationHelper.java:84)
	at org.testng.internal.Invoker.invokeMethod(Invoker.java:714)
	at org.testng.internal.Invoker.invokeTestMethod(Invoker.java:901)
	at org.testng.internal.Invoker.invokeTestMethods(Invoker.java:1231)
	at org.testng.internal.TestMethodWorker.invokeTestMethods(TestMethodWorker.java:127)
	at org.testng.internal.TestMethodWorker.run(TestMethodWorker.java:111)
	at org.testng.TestRunner.privateRun(TestRunner.java:767)
	at org.testng.TestRunner.run(TestRunner.java:617)
	at org.testng.SuiteRunner.runTest(SuiteRunner.java:334)
	at org.testng.SuiteRunner.runSequentially(SuiteRunner.java:329)
	at org.testng.SuiteRunner.privateRun(SuiteRunner.java:291)
	at org.testng.SuiteRunner.run(SuiteRunner.java:240)
	at org.testng.SuiteRunnerWorker.runSuite(SuiteRunnerWorker.java:52)
	at org.testng.SuiteRunnerWorker.run(SuiteRunnerWorker.java:86)
	at org.testng.TestNG.runSuitesSequentially(TestNG.java:1224)
	at org.testng.TestNG.runSuitesLocally(TestNG.java:1149)
	at org.testng.TestNG.run(TestNG.java:1057)
	at org.apache.maven.surefire.testng.TestNGExecutor.run(TestNGExecutor.java:170)
	at org.apache.maven.surefire.testng.TestNGXmlTestSuite.execute(TestNGXmlTestSuite.java:84)
	at org.apache.maven.surefire.testng.TestNGProvider.invoke(TestNGProvider.java:92)
	at org.apache.maven.surefire.booter.ForkedBooter.invokeProviderInSameClassLoader(ForkedBooter.java:200)
	at org.apache.maven.surefire.booter.ForkedBooter.runSuitesInProcess(ForkedBooter.java:153)
	at org.apache.maven.surefire.booter.ForkedBooter.main(ForkedBooter.java:103)
Caused by: org.openqa.selenium.remote.ErrorHandler$UnknownServerException: Timed out waiting for page load.
Build info: version: '2.35.0', revision: '8df0c6bedf70ff9f22c647788f9fe9c8d22210e2', time: '2013-08-17 12:46:41'
System info: os.name: 'Windows 7', os.arch: 'amd64', os.version: '6.1', java.version: '1.7.0_25'
Driver info: driver.version: unknown
	at <anonymous class>.FirefoxDriver.prototype.get/<(file:///C:/Users/Voice/AppData/Local/Temp/anonymous949218500236582619webdriver-profile/extensions/fxdriver@googlecode.com/components/driver_component.js:8748)
	at <anonymous class>.WebLoadingListener/e(file:///C:/Users/Voice/AppData/Local/Temp/anonymous949218500236582619webdriver-profile/extensions/fxdriver@googlecode.com/components/driver_component.js:3330)
	at <anonymous class>.WebLoadingListener/<(file:///C:/Users/Voice/AppData/Local/Temp/anonymous949218500236582619webdriver-profile/extensions/fxdriver@googlecode.com/components/driver_component.js:3337)
	at <anonymous class>.fxdriver.Timer.prototype.setTimeout/<.notify(file:///C:/Users/Voice/AppData/Local/Temp/anonymous949218500236582619webdriver-profile/extensions/fxdriver@googlecode.com/components/driver_component.js:396)
]]>
            </full-stacktrace>
          </exception> <!-- org.openqa.selenium.TimeoutException -->
          <reporter-output>
          </reporter-output>
        </test-method> <!-- AzerArtists -->
        <test-method status="PASS" signature="thearDown()[pri:0, instance:content.Artists@5792bb81]" name="thearDown" is-config="true" duration-ms="258" started-at="2013-10-23T12:22:51Z" finished-at="2013-10-23T12:22:51Z">
          <reporter-output>
          </reporter-output>
        </test-method> <!-- thearDown -->
      </class> <!-- content.Artists -->
    </test> <!-- Test -->
  </suite> <!-- Suite -->
</testng-results>
